2017-02-16 11:25:29,098 [main] DEBUG org.jboss.logging - Logging Provider: org.jboss.logging.Slf4jLoggerProvider 
2017-02-16 11:25:29,571 [main] INFO  guestbook.env - 
-=[guestbook started successfully using the development profile]=- 
2017-02-16 11:25:29,659 [main] INFO  luminus.http-server - starting HTTP server on port 3000 
2017-02-16 11:25:29,706 [main] INFO  org.xnio - XNIO version 3.3.6.Final 
2017-02-16 11:25:29,828 [main] INFO  org.projectodd.wunderboss.web.Web - Registered web context / 
2017-02-16 11:25:29,830 [main] INFO  luminus.repl-server - starting nREPL server on port 7000 
2017-02-16 11:25:29,851 [main] INFO  guestbook.core - #'guestbook.config/env started 
2017-02-16 11:25:29,852 [main] INFO  guestbook.core - #'guestbook.handler/init-app started 
2017-02-16 11:25:29,852 [main] INFO  guestbook.core - #'guestbook.core/http-server started 
2017-02-16 11:25:29,852 [main] INFO  guestbook.core - #'guestbook.core/repl-server started 
2017-02-16 11:32:35,547 [main] DEBUG org.jboss.logging - Logging Provider: org.jboss.logging.Slf4jLoggerProvider 
2017-02-16 11:32:36,022 [main] INFO  guestbook.env - 
-=[guestbook started successfully using the development profile]=- 
2017-02-16 11:32:36,114 [main] INFO  luminus.http-server - starting HTTP server on port 8080 
2017-02-16 11:32:36,150 [main] INFO  org.xnio - XNIO version 3.3.6.Final 
2017-02-16 11:32:36,266 [main] INFO  org.projectodd.wunderboss.web.Web - Registered web context / 
2017-02-16 11:32:36,267 [main] INFO  luminus.repl-server - starting nREPL server on port 7000 
2017-02-16 11:32:36,277 [main] ERROR luminus.repl-server - failed to start nREPL 
java.net.BindException: Address already in use (Bind failed)
	at java.net.PlainSocketImpl.socketBind(Native Method) ~[na:1.8.0_111]
	at java.net.AbstractPlainSocketImpl.bind(AbstractPlainSocketImpl.java:387) ~[na:1.8.0_111]
	at java.net.ServerSocket.bind(ServerSocket.java:375) ~[na:1.8.0_111]
	at java.net.ServerSocket.bind(ServerSocket.java:329) ~[na:1.8.0_111]
	at clojure.tools.nrepl.server$start_server.invokeStatic(server.clj:143) ~[na:na]
	at clojure.tools.nrepl.server$start_server.doInvoke(server.clj:121) ~[na:na]
	at clojure.lang.RestFn.invoke(RestFn.java:1096) [clojure-1.8.0.jar:na]
	at luminus.repl_server$start.invokeStatic(repl_server.clj:13) [na:na]
	at luminus.repl_server$start.invoke(repl_server.clj:5) [na:na]
	at guestbook.core$eval15252$fn__15253.invoke(core.clj:30) [na:na]
	at mount.core$record_BANG_.invokeStatic(core.cljc:86) [na:na]
	at mount.core$record_BANG_.invoke(core.cljc:85) [na:na]
	at mount.core$up$fn__100.invoke(core.cljc:93) [na:na]
	at mount.core$up.invokeStatic(core.cljc:92) [na:na]
	at mount.core$up.invoke(core.cljc:90) [na:na]
	at mount.core$bring.invokeStatic(core.cljc:210) [na:na]
	at mount.core$bring.invoke(core.cljc:202) [na:na]
	at mount.core$start.invokeStatic(core.cljc:252) [na:na]
	at mount.core$start.doInvoke(core.cljc:244) [na:na]
	at clojure.lang.RestFn.invoke(RestFn.java:397) [clojure-1.8.0.jar:na]
	at mount.core$start_with_args.invokeStatic(core.cljc:350) [na:na]
	at mount.core$start_with_args.doInvoke(core.cljc:346) [na:na]
	at clojure.lang.RestFn.invoke(RestFn.java:410) [clojure-1.8.0.jar:na]
	at guestbook.core$start_app.invokeStatic(core.clj:42) [na:na]
	at guestbook.core$start_app.invoke(core.clj:41) [na:na]
	at guestbook.core$_main.invokeStatic(core.clj:57) [na:na]
	at guestbook.core$_main.doInvoke(core.clj:49) [na:na]
	at clojure.lang.RestFn.invoke(RestFn.java:397) [clojure-1.8.0.jar:na]
	at clojure.lang.Var.invoke(Var.java:375) [clojure-1.8.0.jar:na]
	at user$eval15367.invokeStatic(form-init1637646275574649538.clj:1) [na:na]
	at user$eval15367.invoke(form-init1637646275574649538.clj:1) [na:na]
	at clojure.lang.Compiler.eval(Compiler.java:6927) [clojure-1.8.0.jar:na]
	at clojure.lang.Compiler.eval(Compiler.java:6917) [clojure-1.8.0.jar:na]
	at clojure.lang.Compiler.load(Compiler.java:7379) [clojure-1.8.0.jar:na]
	at clojure.lang.Compiler.loadFile(Compiler.java:7317) [clojure-1.8.0.jar:na]
	at clojure.main$load_script.invokeStatic(main.clj:275) [clojure-1.8.0.jar:na]
	at clojure.main$init_opt.invokeStatic(main.clj:277) [clojure-1.8.0.jar:na]
	at clojure.main$init_opt.invoke(main.clj:277) [clojure-1.8.0.jar:na]
	at clojure.main$initialize.invokeStatic(main.clj:308) [clojure-1.8.0.jar:na]
	at clojure.main$null_opt.invokeStatic(main.clj:342) [clojure-1.8.0.jar:na]
	at clojure.main$null_opt.invoke(main.clj:339) [clojure-1.8.0.jar:na]
	at clojure.main$main.invokeStatic(main.clj:421) [clojure-1.8.0.jar:na]
	at clojure.main$main.doInvoke(main.clj:384) [clojure-1.8.0.jar:na]
	at clojure.lang.RestFn.invoke(RestFn.java:421) [clojure-1.8.0.jar:na]
	at clojure.lang.Var.invoke(Var.java:383) [clojure-1.8.0.jar:na]
	at clojure.lang.AFn.applyToHelper(AFn.java:156) [clojure-1.8.0.jar:na]
	at clojure.lang.Var.applyTo(Var.java:700) [clojure-1.8.0.jar:na]
	at clojure.main.main(main.java:37) [clojure-1.8.0.jar:na]
2017-02-16 11:37:09,189 [main] DEBUG org.jboss.logging - Logging Provider: org.jboss.logging.Slf4jLoggerProvider 
2017-02-16 11:37:09,660 [main] INFO  guestbook.env - 
-=[guestbook started successfully using the development profile]=- 
2017-02-16 11:37:09,747 [main] INFO  luminus.http-server - starting HTTP server on port 8080 
2017-02-16 11:37:09,780 [main] INFO  org.xnio - XNIO version 3.3.6.Final 
2017-02-16 11:37:09,884 [main] ERROR luminus.http-server - server failed to start on port 8080 
java.lang.RuntimeException: java.net.BindException: Address already in use
	at io.undertow.Undertow.start(Undertow.java:186) ~[undertow-core-1.3.23.Final.jar:1.3.23.Final]
	at org.projectodd.wunderboss.web.undertow.UndertowWeb.start(UndertowWeb.java:83) ~[wunderboss-web-undertow-0.12.2.jar:na]
	at org.projectodd.wunderboss.web.undertow.UndertowWeb.registerHandler(UndertowWeb.java:143) ~[wunderboss-web-undertow-0.12.2.jar:na]
	at org.projectodd.wunderboss.web.undertow.UndertowWeb.registerHandler(UndertowWeb.java:124) ~[wunderboss-web-undertow-0.12.2.jar:na]
	at org.projectodd.wunderboss.web.undertow.UndertowWeb.registerHandler(UndertowWeb.java:68) ~[wunderboss-web-undertow-0.12.2.jar:na]
	at immutant.web.internal.wunderboss$mount.invokeStatic(wunderboss.clj:79) ~[na:na]
	at immutant.web.internal.wunderboss$mount.invoke(wunderboss.clj:56) ~[na:na]
	at immutant.web$run.invokeStatic(web.clj:111) ~[na:na]
	at immutant.web$run.doInvoke(web.clj:23) ~[na:na]
	at clojure.lang.RestFn.invoke(RestFn.java:423) [clojure-1.8.0.jar:na]
	at luminus.http_server$start.invokeStatic(http_server.clj:20) [na:na]
	at luminus.http_server$start.invoke(http_server.clj:17) [na:na]
	at guestbook.core$eval15238$fn__15239.invoke(core.clj:19) [na:na]
	at mount.core$record_BANG_.invokeStatic(core.cljc:86) [na:na]
	at mount.core$record_BANG_.invoke(core.cljc:85) [na:na]
	at mount.core$up$fn__100.invoke(core.cljc:93) [na:na]
	at mount.core$up.invokeStatic(core.cljc:92) [na:na]
	at mount.core$up.invoke(core.cljc:90) [na:na]
	at mount.core$bring.invokeStatic(core.cljc:210) [na:na]
	at mount.core$bring.invoke(core.cljc:202) [na:na]
	at mount.core$start.invokeStatic(core.cljc:252) [na:na]
	at mount.core$start.doInvoke(core.cljc:244) [na:na]
	at clojure.lang.RestFn.invoke(RestFn.java:397) [clojure-1.8.0.jar:na]
	at mount.core$start_with_args.invokeStatic(core.cljc:350) [na:na]
	at mount.core$start_with_args.doInvoke(core.cljc:346) [na:na]
	at clojure.lang.RestFn.invoke(RestFn.java:410) [clojure-1.8.0.jar:na]
	at guestbook.core$start_app.invokeStatic(core.clj:42) [na:na]
	at guestbook.core$start_app.invoke(core.clj:41) [na:na]
	at guestbook.core$_main.invokeStatic(core.clj:57) [na:na]
	at guestbook.core$_main.doInvoke(core.clj:49) [na:na]
	at clojure.lang.RestFn.invoke(RestFn.java:397) [clojure-1.8.0.jar:na]
	at clojure.lang.Var.invoke(Var.java:375) [clojure-1.8.0.jar:na]
	at user$eval15367.invokeStatic(form-init6960494858129727748.clj:1) [na:na]
	at user$eval15367.invoke(form-init6960494858129727748.clj:1) [na:na]
	at clojure.lang.Compiler.eval(Compiler.java:6927) [clojure-1.8.0.jar:na]
	at clojure.lang.Compiler.eval(Compiler.java:6917) [clojure-1.8.0.jar:na]
	at clojure.lang.Compiler.load(Compiler.java:7379) [clojure-1.8.0.jar:na]
	at clojure.lang.Compiler.loadFile(Compiler.java:7317) [clojure-1.8.0.jar:na]
	at clojure.main$load_script.invokeStatic(main.clj:275) [clojure-1.8.0.jar:na]
	at clojure.main$init_opt.invokeStatic(main.clj:277) [clojure-1.8.0.jar:na]
	at clojure.main$init_opt.invoke(main.clj:277) [clojure-1.8.0.jar:na]
	at clojure.main$initialize.invokeStatic(main.clj:308) [clojure-1.8.0.jar:na]
	at clojure.main$null_opt.invokeStatic(main.clj:342) [clojure-1.8.0.jar:na]
	at clojure.main$null_opt.invoke(main.clj:339) [clojure-1.8.0.jar:na]
	at clojure.main$main.invokeStatic(main.clj:421) [clojure-1.8.0.jar:na]
	at clojure.main$main.doInvoke(main.clj:384) [clojure-1.8.0.jar:na]
	at clojure.lang.RestFn.invoke(RestFn.java:421) [clojure-1.8.0.jar:na]
	at clojure.lang.Var.invoke(Var.java:383) [clojure-1.8.0.jar:na]
	at clojure.lang.AFn.applyToHelper(AFn.java:156) [clojure-1.8.0.jar:na]
	at clojure.lang.Var.applyTo(Var.java:700) [clojure-1.8.0.jar:na]
	at clojure.main.main(main.java:37) [clojure-1.8.0.jar:na]
Caused by: java.net.BindException: Address already in use
	at sun.nio.ch.Net.bind0(Native Method) ~[na:1.8.0_111]
	at sun.nio.ch.Net.bind(Net.java:433) ~[na:1.8.0_111]
	at sun.nio.ch.Net.bind(Net.java:425) ~[na:1.8.0_111]
	at sun.nio.ch.ServerSocketChannelImpl.bind(ServerSocketChannelImpl.java:223) ~[na:1.8.0_111]
	at sun.nio.ch.ServerSocketAdaptor.bind(ServerSocketAdaptor.java:74) ~[na:1.8.0_111]
	at org.xnio.nio.NioXnioWorker.createTcpConnectionServer(NioXnioWorker.java:190) ~[xnio-nio-3.3.6.Final.jar:3.3.6.Final]
	at org.xnio.XnioWorker.createStreamConnectionServer(XnioWorker.java:243) ~[xnio-api-3.3.6.Final.jar:3.3.6.Final]
	at io.undertow.Undertow.start(Undertow.java:142) ~[undertow-core-1.3.23.Final.jar:1.3.23.Final]
	... 50 common frames omitted
2017-02-16 11:39:50,080 [main] DEBUG org.jboss.logging - Logging Provider: org.jboss.logging.Slf4jLoggerProvider 
2017-02-16 11:39:50,549 [main] INFO  guestbook.env - 
-=[guestbook started successfully using the development profile]=- 
2017-02-16 11:39:50,635 [main] INFO  luminus.http-server - starting HTTP server on port 8080 
2017-02-16 11:39:50,673 [main] INFO  org.xnio - XNIO version 3.3.6.Final 
2017-02-16 11:39:50,786 [main] ERROR luminus.http-server - server failed to start on port 8080 
java.lang.RuntimeException: java.net.BindException: Address already in use
	at io.undertow.Undertow.start(Undertow.java:186) ~[undertow-core-1.3.23.Final.jar:1.3.23.Final]
	at org.projectodd.wunderboss.web.undertow.UndertowWeb.start(UndertowWeb.java:83) ~[wunderboss-web-undertow-0.12.2.jar:na]
	at org.projectodd.wunderboss.web.undertow.UndertowWeb.registerHandler(UndertowWeb.java:143) ~[wunderboss-web-undertow-0.12.2.jar:na]
	at org.projectodd.wunderboss.web.undertow.UndertowWeb.registerHandler(UndertowWeb.java:124) ~[wunderboss-web-undertow-0.12.2.jar:na]
	at org.projectodd.wunderboss.web.undertow.UndertowWeb.registerHandler(UndertowWeb.java:68) ~[wunderboss-web-undertow-0.12.2.jar:na]
	at immutant.web.internal.wunderboss$mount.invokeStatic(wunderboss.clj:79) ~[na:na]
	at immutant.web.internal.wunderboss$mount.invoke(wunderboss.clj:56) ~[na:na]
	at immutant.web$run.invokeStatic(web.clj:111) ~[na:na]
	at immutant.web$run.doInvoke(web.clj:23) ~[na:na]
	at clojure.lang.RestFn.invoke(RestFn.java:423) [clojure-1.8.0.jar:na]
	at luminus.http_server$start.invokeStatic(http_server.clj:20) [na:na]
	at luminus.http_server$start.invoke(http_server.clj:17) [na:na]
	at guestbook.core$eval15238$fn__15239.invoke(core.clj:19) [na:na]
	at mount.core$record_BANG_.invokeStatic(core.cljc:86) [na:na]
	at mount.core$record_BANG_.invoke(core.cljc:85) [na:na]
	at mount.core$up$fn__100.invoke(core.cljc:93) [na:na]
	at mount.core$up.invokeStatic(core.cljc:92) [na:na]
	at mount.core$up.invoke(core.cljc:90) [na:na]
	at mount.core$bring.invokeStatic(core.cljc:210) [na:na]
	at mount.core$bring.invoke(core.cljc:202) [na:na]
	at mount.core$start.invokeStatic(core.cljc:252) [na:na]
	at mount.core$start.doInvoke(core.cljc:244) [na:na]
	at clojure.lang.RestFn.invoke(RestFn.java:397) [clojure-1.8.0.jar:na]
	at mount.core$start_with_args.invokeStatic(core.cljc:350) [na:na]
	at mount.core$start_with_args.doInvoke(core.cljc:346) [na:na]
	at clojure.lang.RestFn.invoke(RestFn.java:410) [clojure-1.8.0.jar:na]
	at guestbook.core$start_app.invokeStatic(core.clj:42) [na:na]
	at guestbook.core$start_app.invoke(core.clj:41) [na:na]
	at guestbook.core$_main.invokeStatic(core.clj:57) [na:na]
	at guestbook.core$_main.doInvoke(core.clj:49) [na:na]
	at clojure.lang.RestFn.invoke(RestFn.java:397) [clojure-1.8.0.jar:na]
	at clojure.lang.Var.invoke(Var.java:375) [clojure-1.8.0.jar:na]
	at user$eval15367.invokeStatic(form-init169371273826950400.clj:1) [na:na]
	at user$eval15367.invoke(form-init169371273826950400.clj:1) [na:na]
	at clojure.lang.Compiler.eval(Compiler.java:6927) [clojure-1.8.0.jar:na]
	at clojure.lang.Compiler.eval(Compiler.java:6917) [clojure-1.8.0.jar:na]
	at clojure.lang.Compiler.load(Compiler.java:7379) [clojure-1.8.0.jar:na]
	at clojure.lang.Compiler.loadFile(Compiler.java:7317) [clojure-1.8.0.jar:na]
	at clojure.main$load_script.invokeStatic(main.clj:275) [clojure-1.8.0.jar:na]
	at clojure.main$init_opt.invokeStatic(main.clj:277) [clojure-1.8.0.jar:na]
	at clojure.main$init_opt.invoke(main.clj:277) [clojure-1.8.0.jar:na]
	at clojure.main$initialize.invokeStatic(main.clj:308) [clojure-1.8.0.jar:na]
	at clojure.main$null_opt.invokeStatic(main.clj:342) [clojure-1.8.0.jar:na]
	at clojure.main$null_opt.invoke(main.clj:339) [clojure-1.8.0.jar:na]
	at clojure.main$main.invokeStatic(main.clj:421) [clojure-1.8.0.jar:na]
	at clojure.main$main.doInvoke(main.clj:384) [clojure-1.8.0.jar:na]
	at clojure.lang.RestFn.invoke(RestFn.java:421) [clojure-1.8.0.jar:na]
	at clojure.lang.Var.invoke(Var.java:383) [clojure-1.8.0.jar:na]
	at clojure.lang.AFn.applyToHelper(AFn.java:156) [clojure-1.8.0.jar:na]
	at clojure.lang.Var.applyTo(Var.java:700) [clojure-1.8.0.jar:na]
	at clojure.main.main(main.java:37) [clojure-1.8.0.jar:na]
Caused by: java.net.BindException: Address already in use
	at sun.nio.ch.Net.bind0(Native Method) ~[na:1.8.0_111]
	at sun.nio.ch.Net.bind(Net.java:433) ~[na:1.8.0_111]
	at sun.nio.ch.Net.bind(Net.java:425) ~[na:1.8.0_111]
	at sun.nio.ch.ServerSocketChannelImpl.bind(ServerSocketChannelImpl.java:223) ~[na:1.8.0_111]
	at sun.nio.ch.ServerSocketAdaptor.bind(ServerSocketAdaptor.java:74) ~[na:1.8.0_111]
	at org.xnio.nio.NioXnioWorker.createTcpConnectionServer(NioXnioWorker.java:190) ~[xnio-nio-3.3.6.Final.jar:3.3.6.Final]
	at org.xnio.XnioWorker.createStreamConnectionServer(XnioWorker.java:243) ~[xnio-api-3.3.6.Final.jar:3.3.6.Final]
	at io.undertow.Undertow.start(Undertow.java:142) ~[undertow-core-1.3.23.Final.jar:1.3.23.Final]
	... 50 common frames omitted
2017-02-16 11:41:48,323 [main] DEBUG org.jboss.logging - Logging Provider: org.jboss.logging.Slf4jLoggerProvider 
2017-02-16 11:41:48,811 [main] INFO  guestbook.env - 
-=[guestbook started successfully using the development profile]=- 
2017-02-16 11:41:48,898 [main] INFO  luminus.http-server - starting HTTP server on port 8081 
2017-02-16 11:41:48,934 [main] INFO  org.xnio - XNIO version 3.3.6.Final 
2017-02-16 11:41:49,040 [main] INFO  org.projectodd.wunderboss.web.Web - Registered web context / 
2017-02-16 11:41:49,041 [main] INFO  luminus.repl-server - starting nREPL server on port 7001 
2017-02-16 11:41:49,059 [main] INFO  guestbook.core - #'guestbook.config/env started 
2017-02-16 11:41:49,059 [main] INFO  guestbook.core - #'guestbook.handler/init-app started 
2017-02-16 11:41:49,059 [main] INFO  guestbook.core - #'guestbook.core/http-server started 
2017-02-16 11:41:49,059 [main] INFO  guestbook.core - #'guestbook.core/repl-server started 
2017-02-16 11:42:57,023 [main] DEBUG org.jboss.logging - Logging Provider: org.jboss.logging.Slf4jLoggerProvider 
2017-02-16 11:42:57,502 [main] INFO  guestbook.env - 
-=[guestbook started successfully using the development profile]=- 
2017-02-16 11:42:57,595 [main] INFO  luminus.http-server - starting HTTP server on port 8081 
2017-02-16 11:42:57,635 [main] INFO  org.xnio - XNIO version 3.3.6.Final 
2017-02-16 11:42:57,752 [main] ERROR luminus.http-server - server failed to start on port 8081 
java.lang.RuntimeException: java.net.BindException: Address already in use
	at io.undertow.Undertow.start(Undertow.java:186) ~[undertow-core-1.3.23.Final.jar:1.3.23.Final]
	at org.projectodd.wunderboss.web.undertow.UndertowWeb.start(UndertowWeb.java:83) ~[wunderboss-web-undertow-0.12.2.jar:na]
	at org.projectodd.wunderboss.web.undertow.UndertowWeb.registerHandler(UndertowWeb.java:143) ~[wunderboss-web-undertow-0.12.2.jar:na]
	at org.projectodd.wunderboss.web.undertow.UndertowWeb.registerHandler(UndertowWeb.java:124) ~[wunderboss-web-undertow-0.12.2.jar:na]
	at org.projectodd.wunderboss.web.undertow.UndertowWeb.registerHandler(UndertowWeb.java:68) ~[wunderboss-web-undertow-0.12.2.jar:na]
	at immutant.web.internal.wunderboss$mount.invokeStatic(wunderboss.clj:79) ~[na:na]
	at immutant.web.internal.wunderboss$mount.invoke(wunderboss.clj:56) ~[na:na]
	at immutant.web$run.invokeStatic(web.clj:111) ~[na:na]
	at immutant.web$run.doInvoke(web.clj:23) ~[na:na]
	at clojure.lang.RestFn.invoke(RestFn.java:423) [clojure-1.8.0.jar:na]
	at luminus.http_server$start.invokeStatic(http_server.clj:20) [na:na]
	at luminus.http_server$start.invoke(http_server.clj:17) [na:na]
	at guestbook.core$eval15238$fn__15239.invoke(core.clj:19) [na:na]
	at mount.core$record_BANG_.invokeStatic(core.cljc:86) [na:na]
	at mount.core$record_BANG_.invoke(core.cljc:85) [na:na]
	at mount.core$up$fn__100.invoke(core.cljc:93) [na:na]
	at mount.core$up.invokeStatic(core.cljc:92) [na:na]
	at mount.core$up.invoke(core.cljc:90) [na:na]
	at mount.core$bring.invokeStatic(core.cljc:210) [na:na]
	at mount.core$bring.invoke(core.cljc:202) [na:na]
	at mount.core$start.invokeStatic(core.cljc:252) [na:na]
	at mount.core$start.doInvoke(core.cljc:244) [na:na]
	at clojure.lang.RestFn.invoke(RestFn.java:397) [clojure-1.8.0.jar:na]
	at mount.core$start_with_args.invokeStatic(core.cljc:350) [na:na]
	at mount.core$start_with_args.doInvoke(core.cljc:346) [na:na]
	at clojure.lang.RestFn.invoke(RestFn.java:410) [clojure-1.8.0.jar:na]
	at guestbook.core$start_app.invokeStatic(core.clj:42) [na:na]
	at guestbook.core$start_app.invoke(core.clj:41) [na:na]
	at guestbook.core$_main.invokeStatic(core.clj:57) [na:na]
	at guestbook.core$_main.doInvoke(core.clj:49) [na:na]
	at clojure.lang.RestFn.invoke(RestFn.java:397) [clojure-1.8.0.jar:na]
	at clojure.lang.Var.invoke(Var.java:375) [clojure-1.8.0.jar:na]
	at user$eval15367.invokeStatic(form-init1384376628125113618.clj:1) [na:na]
	at user$eval15367.invoke(form-init1384376628125113618.clj:1) [na:na]
	at clojure.lang.Compiler.eval(Compiler.java:6927) [clojure-1.8.0.jar:na]
	at clojure.lang.Compiler.eval(Compiler.java:6917) [clojure-1.8.0.jar:na]
	at clojure.lang.Compiler.load(Compiler.java:7379) [clojure-1.8.0.jar:na]
	at clojure.lang.Compiler.loadFile(Compiler.java:7317) [clojure-1.8.0.jar:na]
	at clojure.main$load_script.invokeStatic(main.clj:275) [clojure-1.8.0.jar:na]
	at clojure.main$init_opt.invokeStatic(main.clj:277) [clojure-1.8.0.jar:na]
	at clojure.main$init_opt.invoke(main.clj:277) [clojure-1.8.0.jar:na]
	at clojure.main$initialize.invokeStatic(main.clj:308) [clojure-1.8.0.jar:na]
	at clojure.main$null_opt.invokeStatic(main.clj:342) [clojure-1.8.0.jar:na]
	at clojure.main$null_opt.invoke(main.clj:339) [clojure-1.8.0.jar:na]
	at clojure.main$main.invokeStatic(main.clj:421) [clojure-1.8.0.jar:na]
	at clojure.main$main.doInvoke(main.clj:384) [clojure-1.8.0.jar:na]
	at clojure.lang.RestFn.invoke(RestFn.java:421) [clojure-1.8.0.jar:na]
	at clojure.lang.Var.invoke(Var.java:383) [clojure-1.8.0.jar:na]
	at clojure.lang.AFn.applyToHelper(AFn.java:156) [clojure-1.8.0.jar:na]
	at clojure.lang.Var.applyTo(Var.java:700) [clojure-1.8.0.jar:na]
	at clojure.main.main(main.java:37) [clojure-1.8.0.jar:na]
Caused by: java.net.BindException: Address already in use
	at sun.nio.ch.Net.bind0(Native Method) ~[na:1.8.0_111]
	at sun.nio.ch.Net.bind(Net.java:433) ~[na:1.8.0_111]
	at sun.nio.ch.Net.bind(Net.java:425) ~[na:1.8.0_111]
	at sun.nio.ch.ServerSocketChannelImpl.bind(ServerSocketChannelImpl.java:223) ~[na:1.8.0_111]
	at sun.nio.ch.ServerSocketAdaptor.bind(ServerSocketAdaptor.java:74) ~[na:1.8.0_111]
	at org.xnio.nio.NioXnioWorker.createTcpConnectionServer(NioXnioWorker.java:190) ~[xnio-nio-3.3.6.Final.jar:3.3.6.Final]
	at org.xnio.XnioWorker.createStreamConnectionServer(XnioWorker.java:243) ~[xnio-api-3.3.6.Final.jar:3.3.6.Final]
	at io.undertow.Undertow.start(Undertow.java:142) ~[undertow-core-1.3.23.Final.jar:1.3.23.Final]
	... 50 common frames omitted
2017-02-16 11:43:40,680 [main] DEBUG org.jboss.logging - Logging Provider: org.jboss.logging.Slf4jLoggerProvider 
2017-02-16 11:43:41,153 [main] INFO  guestbook.env - 
-=[guestbook started successfully using the development profile]=- 
2017-02-16 11:43:41,244 [main] INFO  luminus.http-server - starting HTTP server on port 8081 
2017-02-16 11:43:41,279 [main] INFO  org.xnio - XNIO version 3.3.6.Final 
2017-02-16 11:43:41,386 [main] ERROR luminus.http-server - server failed to start on port 8081 
java.lang.RuntimeException: java.net.BindException: Address already in use
	at io.undertow.Undertow.start(Undertow.java:186) ~[undertow-core-1.3.23.Final.jar:1.3.23.Final]
	at org.projectodd.wunderboss.web.undertow.UndertowWeb.start(UndertowWeb.java:83) ~[wunderboss-web-undertow-0.12.2.jar:na]
	at org.projectodd.wunderboss.web.undertow.UndertowWeb.registerHandler(UndertowWeb.java:143) ~[wunderboss-web-undertow-0.12.2.jar:na]
	at org.projectodd.wunderboss.web.undertow.UndertowWeb.registerHandler(UndertowWeb.java:124) ~[wunderboss-web-undertow-0.12.2.jar:na]
	at org.projectodd.wunderboss.web.undertow.UndertowWeb.registerHandler(UndertowWeb.java:68) ~[wunderboss-web-undertow-0.12.2.jar:na]
	at immutant.web.internal.wunderboss$mount.invokeStatic(wunderboss.clj:79) ~[na:na]
	at immutant.web.internal.wunderboss$mount.invoke(wunderboss.clj:56) ~[na:na]
	at immutant.web$run.invokeStatic(web.clj:111) ~[na:na]
	at immutant.web$run.doInvoke(web.clj:23) ~[na:na]
	at clojure.lang.RestFn.invoke(RestFn.java:423) [clojure-1.8.0.jar:na]
	at luminus.http_server$start.invokeStatic(http_server.clj:20) [na:na]
	at luminus.http_server$start.invoke(http_server.clj:17) [na:na]
	at guestbook.core$eval15238$fn__15239.invoke(core.clj:19) [na:na]
	at mount.core$record_BANG_.invokeStatic(core.cljc:86) [na:na]
	at mount.core$record_BANG_.invoke(core.cljc:85) [na:na]
	at mount.core$up$fn__100.invoke(core.cljc:93) [na:na]
	at mount.core$up.invokeStatic(core.cljc:92) [na:na]
	at mount.core$up.invoke(core.cljc:90) [na:na]
	at mount.core$bring.invokeStatic(core.cljc:210) [na:na]
	at mount.core$bring.invoke(core.cljc:202) [na:na]
	at mount.core$start.invokeStatic(core.cljc:252) [na:na]
	at mount.core$start.doInvoke(core.cljc:244) [na:na]
	at clojure.lang.RestFn.invoke(RestFn.java:397) [clojure-1.8.0.jar:na]
	at mount.core$start_with_args.invokeStatic(core.cljc:350) [na:na]
	at mount.core$start_with_args.doInvoke(core.cljc:346) [na:na]
	at clojure.lang.RestFn.invoke(RestFn.java:410) [clojure-1.8.0.jar:na]
	at guestbook.core$start_app.invokeStatic(core.clj:42) [na:na]
	at guestbook.core$start_app.invoke(core.clj:41) [na:na]
	at guestbook.core$_main.invokeStatic(core.clj:57) [na:na]
	at guestbook.core$_main.doInvoke(core.clj:49) [na:na]
	at clojure.lang.RestFn.invoke(RestFn.java:397) [clojure-1.8.0.jar:na]
	at clojure.lang.Var.invoke(Var.java:375) [clojure-1.8.0.jar:na]
	at user$eval15367.invokeStatic(form-init2830470850683179881.clj:1) [na:na]
	at user$eval15367.invoke(form-init2830470850683179881.clj:1) [na:na]
	at clojure.lang.Compiler.eval(Compiler.java:6927) [clojure-1.8.0.jar:na]
	at clojure.lang.Compiler.eval(Compiler.java:6917) [clojure-1.8.0.jar:na]
	at clojure.lang.Compiler.load(Compiler.java:7379) [clojure-1.8.0.jar:na]
	at clojure.lang.Compiler.loadFile(Compiler.java:7317) [clojure-1.8.0.jar:na]
	at clojure.main$load_script.invokeStatic(main.clj:275) [clojure-1.8.0.jar:na]
	at clojure.main$init_opt.invokeStatic(main.clj:277) [clojure-1.8.0.jar:na]
	at clojure.main$init_opt.invoke(main.clj:277) [clojure-1.8.0.jar:na]
	at clojure.main$initialize.invokeStatic(main.clj:308) [clojure-1.8.0.jar:na]
	at clojure.main$null_opt.invokeStatic(main.clj:342) [clojure-1.8.0.jar:na]
	at clojure.main$null_opt.invoke(main.clj:339) [clojure-1.8.0.jar:na]
	at clojure.main$main.invokeStatic(main.clj:421) [clojure-1.8.0.jar:na]
	at clojure.main$main.doInvoke(main.clj:384) [clojure-1.8.0.jar:na]
	at clojure.lang.RestFn.invoke(RestFn.java:421) [clojure-1.8.0.jar:na]
	at clojure.lang.Var.invoke(Var.java:383) [clojure-1.8.0.jar:na]
	at clojure.lang.AFn.applyToHelper(AFn.java:156) [clojure-1.8.0.jar:na]
	at clojure.lang.Var.applyTo(Var.java:700) [clojure-1.8.0.jar:na]
	at clojure.main.main(main.java:37) [clojure-1.8.0.jar:na]
Caused by: java.net.BindException: Address already in use
	at sun.nio.ch.Net.bind0(Native Method) ~[na:1.8.0_111]
	at sun.nio.ch.Net.bind(Net.java:433) ~[na:1.8.0_111]
	at sun.nio.ch.Net.bind(Net.java:425) ~[na:1.8.0_111]
	at sun.nio.ch.ServerSocketChannelImpl.bind(ServerSocketChannelImpl.java:223) ~[na:1.8.0_111]
	at sun.nio.ch.ServerSocketAdaptor.bind(ServerSocketAdaptor.java:74) ~[na:1.8.0_111]
	at org.xnio.nio.NioXnioWorker.createTcpConnectionServer(NioXnioWorker.java:190) ~[xnio-nio-3.3.6.Final.jar:3.3.6.Final]
	at org.xnio.XnioWorker.createStreamConnectionServer(XnioWorker.java:243) ~[xnio-api-3.3.6.Final.jar:3.3.6.Final]
	at io.undertow.Undertow.start(Undertow.java:142) ~[undertow-core-1.3.23.Final.jar:1.3.23.Final]
	... 50 common frames omitted
2017-02-16 15:10:00,613 [main] DEBUG org.jboss.logging - Logging Provider: org.jboss.logging.Slf4jLoggerProvider 
2017-02-16 15:10:01,190 [main] INFO  guestbook.env - 
-=[guestbook started successfully using the development profile]=- 
2017-02-16 15:10:01,298 [main] INFO  luminus.http-server - starting HTTP server on port 8081 
2017-02-16 15:10:01,345 [main] INFO  org.xnio - XNIO version 3.3.6.Final 
2017-02-16 15:10:01,455 [main] ERROR luminus.http-server - server failed to start on port 8081 
java.lang.RuntimeException: java.net.BindException: Address already in use
	at io.undertow.Undertow.start(Undertow.java:186) ~[undertow-core-1.3.23.Final.jar:1.3.23.Final]
	at org.projectodd.wunderboss.web.undertow.UndertowWeb.start(UndertowWeb.java:83) ~[wunderboss-web-undertow-0.12.2.jar:na]
	at org.projectodd.wunderboss.web.undertow.UndertowWeb.registerHandler(UndertowWeb.java:143) ~[wunderboss-web-undertow-0.12.2.jar:na]
	at org.projectodd.wunderboss.web.undertow.UndertowWeb.registerHandler(UndertowWeb.java:124) ~[wunderboss-web-undertow-0.12.2.jar:na]
	at org.projectodd.wunderboss.web.undertow.UndertowWeb.registerHandler(UndertowWeb.java:68) ~[wunderboss-web-undertow-0.12.2.jar:na]
	at immutant.web.internal.wunderboss$mount.invokeStatic(wunderboss.clj:79) ~[na:na]
	at immutant.web.internal.wunderboss$mount.invoke(wunderboss.clj:56) ~[na:na]
	at immutant.web$run.invokeStatic(web.clj:111) ~[na:na]
	at immutant.web$run.doInvoke(web.clj:23) ~[na:na]
	at clojure.lang.RestFn.invoke(RestFn.java:423) [clojure-1.8.0.jar:na]
	at luminus.http_server$start.invokeStatic(http_server.clj:20) [na:na]
	at luminus.http_server$start.invoke(http_server.clj:17) [na:na]
	at guestbook.core$eval15238$fn__15239.invoke(core.clj:19) [na:na]
	at mount.core$record_BANG_.invokeStatic(core.cljc:86) [na:na]
	at mount.core$record_BANG_.invoke(core.cljc:85) [na:na]
	at mount.core$up$fn__100.invoke(core.cljc:93) [na:na]
	at mount.core$up.invokeStatic(core.cljc:92) [na:na]
	at mount.core$up.invoke(core.cljc:90) [na:na]
	at mount.core$bring.invokeStatic(core.cljc:210) [na:na]
	at mount.core$bring.invoke(core.cljc:202) [na:na]
	at mount.core$start.invokeStatic(core.cljc:252) [na:na]
	at mount.core$start.doInvoke(core.cljc:244) [na:na]
	at clojure.lang.RestFn.invoke(RestFn.java:397) [clojure-1.8.0.jar:na]
	at mount.core$start_with_args.invokeStatic(core.cljc:350) [na:na]
	at mount.core$start_with_args.doInvoke(core.cljc:346) [na:na]
	at clojure.lang.RestFn.invoke(RestFn.java:410) [clojure-1.8.0.jar:na]
	at guestbook.core$start_app.invokeStatic(core.clj:42) [na:na]
	at guestbook.core$start_app.invoke(core.clj:41) [na:na]
	at guestbook.core$_main.invokeStatic(core.clj:57) [na:na]
	at guestbook.core$_main.doInvoke(core.clj:49) [na:na]
	at clojure.lang.RestFn.invoke(RestFn.java:397) [clojure-1.8.0.jar:na]
	at clojure.lang.Var.invoke(Var.java:375) [clojure-1.8.0.jar:na]
	at user$eval15367.invokeStatic(form-init6643518015148535255.clj:1) [na:na]
	at user$eval15367.invoke(form-init6643518015148535255.clj:1) [na:na]
	at clojure.lang.Compiler.eval(Compiler.java:6927) [clojure-1.8.0.jar:na]
	at clojure.lang.Compiler.eval(Compiler.java:6917) [clojure-1.8.0.jar:na]
	at clojure.lang.Compiler.load(Compiler.java:7379) [clojure-1.8.0.jar:na]
	at clojure.lang.Compiler.loadFile(Compiler.java:7317) [clojure-1.8.0.jar:na]
	at clojure.main$load_script.invokeStatic(main.clj:275) [clojure-1.8.0.jar:na]
	at clojure.main$init_opt.invokeStatic(main.clj:277) [clojure-1.8.0.jar:na]
	at clojure.main$init_opt.invoke(main.clj:277) [clojure-1.8.0.jar:na]
	at clojure.main$initialize.invokeStatic(main.clj:308) [clojure-1.8.0.jar:na]
	at clojure.main$null_opt.invokeStatic(main.clj:342) [clojure-1.8.0.jar:na]
	at clojure.main$null_opt.invoke(main.clj:339) [clojure-1.8.0.jar:na]
	at clojure.main$main.invokeStatic(main.clj:421) [clojure-1.8.0.jar:na]
	at clojure.main$main.doInvoke(main.clj:384) [clojure-1.8.0.jar:na]
	at clojure.lang.RestFn.invoke(RestFn.java:421) [clojure-1.8.0.jar:na]
	at clojure.lang.Var.invoke(Var.java:383) [clojure-1.8.0.jar:na]
	at clojure.lang.AFn.applyToHelper(AFn.java:156) [clojure-1.8.0.jar:na]
	at clojure.lang.Var.applyTo(Var.java:700) [clojure-1.8.0.jar:na]
	at clojure.main.main(main.java:37) [clojure-1.8.0.jar:na]
Caused by: java.net.BindException: Address already in use
	at sun.nio.ch.Net.bind0(Native Method) ~[na:1.8.0_111]
	at sun.nio.ch.Net.bind(Net.java:433) ~[na:1.8.0_111]
	at sun.nio.ch.Net.bind(Net.java:425) ~[na:1.8.0_111]
	at sun.nio.ch.ServerSocketChannelImpl.bind(ServerSocketChannelImpl.java:223) ~[na:1.8.0_111]
	at sun.nio.ch.ServerSocketAdaptor.bind(ServerSocketAdaptor.java:74) ~[na:1.8.0_111]
	at org.xnio.nio.NioXnioWorker.createTcpConnectionServer(NioXnioWorker.java:190) ~[xnio-nio-3.3.6.Final.jar:3.3.6.Final]
	at org.xnio.XnioWorker.createStreamConnectionServer(XnioWorker.java:243) ~[xnio-api-3.3.6.Final.jar:3.3.6.Final]
	at io.undertow.Undertow.start(Undertow.java:142) ~[undertow-core-1.3.23.Final.jar:1.3.23.Final]
	... 50 common frames omitted
